<?xml version="1.0" encoding="UTF-8"?>
<coverage generated="1666030007160" clover="3.2.0">
  <project timestamp="1666030007160" name="All files">
    <metrics statements="50" coveredstatements="42" conditionals="10" coveredconditionals="6" methods="38" coveredmethods="28" elements="98" coveredelements="76" complexity="0" loc="50" ncloc="50" packages="1" files="2" classes="2"/>
    <file name="todo.js" path="/Users/adhitiani/Documents/JavaScript/JS130/todoJest_testing/todo.js">
      <metrics statements="11" coveredstatements="10" conditionals="2" coveredconditionals="1" methods="6" coveredmethods="5"/>
      <line num="3" count="45" type="stmt"/>
      <line num="4" count="45" type="stmt"/>
      <line num="8" count="4" type="cond" truecount="1" falsecount="1"/>
      <line num="9" count="4" type="stmt"/>
      <line num="13" count="7" type="stmt"/>
      <line num="17" count="1" type="stmt"/>
      <line num="21" count="13" type="stmt"/>
      <line num="25" count="0" type="stmt"/>
      <line num="29" count="1" type="stmt"/>
      <line num="30" count="1" type="stmt"/>
      <line num="32" count="1" type="stmt"/>
    </file>
    <file name="todolist.js" path="/Users/adhitiani/Documents/JavaScript/JS130/todoJest_testing/todolist.js">
      <metrics statements="39" coveredstatements="32" conditionals="8" coveredconditionals="5" methods="32" coveredmethods="23"/>
      <line num="1" count="1" type="stmt"/>
      <line num="5" count="16" type="stmt"/>
      <line num="6" count="16" type="stmt"/>
      <line num="10" count="48" type="cond" truecount="2" falsecount="0"/>
      <line num="11" count="1" type="stmt"/>
      <line num="14" count="47" type="stmt"/>
      <line num="18" count="3" type="stmt"/>
      <line num="22" count="1" type="stmt"/>
      <line num="26" count="1" type="stmt"/>
      <line num="30" count="9" type="stmt"/>
      <line num="31" count="6" type="stmt"/>
      <line num="35" count="5" type="stmt"/>
      <line num="39" count="2" type="stmt"/>
      <line num="43" count="1" type="stmt"/>
      <line num="47" count="1" type="stmt"/>
      <line num="51" count="1" type="stmt"/>
      <line num="55" count="3" type="stmt"/>
      <line num="56" count="2" type="stmt"/>
      <line num="60" count="2" type="stmt"/>
      <line num="61" count="4" type="stmt"/>
      <line num="62" count="2" type="stmt"/>
      <line num="66" count="8" type="stmt"/>
      <line num="70" count="1" type="stmt"/>
      <line num="71" count="1" type="stmt"/>
      <line num="72" count="2" type="cond" truecount="1" falsecount="1"/>
      <line num="73" count="2" type="stmt"/>
      <line num="77" count="1" type="stmt"/>
      <line num="81" count="0" type="stmt"/>
      <line num="85" count="0" type="stmt"/>
      <line num="89" count="0" type="stmt"/>
      <line num="93" count="0" type="stmt"/>
      <line num="94" count="0" type="cond" truecount="0" falsecount="2"/>
      <line num="95" count="0" type="stmt"/>
      <line num="100" count="3" type="stmt"/>
      <line num="104" count="0" type="stmt"/>
      <line num="108" count="5" type="stmt"/>
      <line num="112" count="12" type="cond" truecount="2" falsecount="0"/>
      <line num="113" count="4" type="stmt"/>
      <line num="118" count="1" type="stmt"/>
    </file>
  </project>
</coverage>
