<?xml version="1.0" encoding="UTF-8"?>
<coverage generated="1666341599521" clover="3.2.0">
  <project timestamp="1666341599521" name="All files">
    <metrics statements="11" coveredstatements="9" conditionals="10" coveredconditionals="5" methods="13" coveredmethods="7" elements="34" coveredelements="21" complexity="0" loc="11" ncloc="11" packages="1" files="1" classes="1"/>
    <file name="simple-linked-list.js" path="/Users/adhitiani/Documents/JavaScript/JS130/challenges/simple-linked-list.js">
      <metrics statements="11" coveredstatements="9" conditionals="10" coveredconditionals="5" methods="13" coveredmethods="7"/>
      <line num="81" count="5" type="stmt"/>
      <line num="82" count="5" type="stmt"/>
      <line num="86" count="1" type="stmt"/>
      <line num="90" count="1" type="cond" truecount="1" falsecount="1"/>
      <line num="91" count="0" type="stmt"/>
      <line num="95" count="2" type="stmt"/>
      <line num="102" count="2" type="stmt"/>
      <line num="106" count="0" type="cond" truecount="0" falsecount="2"/>
      <line num="110" count="1" type="cond" truecount="1" falsecount="1"/>
      <line num="114" count="1" type="cond" truecount="1" falsecount="1"/>
      <line num="126" count="1" type="stmt"/>
    </file>
  </project>
</coverage>
