{"/Users/adhitiani/Documents/JavaScript/JS130/challenges/simple-linked-list.js": {"path":"/Users/adhitiani/Documents/JavaScript/JS130/challenges/simple-linked-list.js","statementMap":{"0":{"start":{"line":81,"column":4},"end":{"line":81,"column":23}},"1":{"start":{"line":82,"column":4},"end":{"line":82,"column":27}},"2":{"start":{"line":86,"column":4},"end":{"line":86,"column":22}},"3":{"start":{"line":90,"column":4},"end":{"line":90,"column":42}},"4":{"start":{"line":90,"column":30},"end":{"line":90,"column":42}},"5":{"start":{"line":91,"column":4},"end":{"line":91,"column":17}},"6":{"start":{"line":95,"column":4},"end":{"line":95,"column":24}},"7":{"start":{"line":102,"column":4},"end":{"line":102,"column":21}},"8":{"start":{"line":106,"column":4},"end":{"line":106,"column":24}},"9":{"start":{"line":106,"column":14},"end":{"line":106,"column":24}},"10":{"start":{"line":110,"column":4},"end":{"line":110,"column":36}},"11":{"start":{"line":110,"column":27},"end":{"line":110,"column":36}},"12":{"start":{"line":114,"column":4},"end":{"line":114,"column":39}},"13":{"start":{"line":114,"column":28},"end":{"line":114,"column":39}},"14":{"start":{"line":126,"column":0},"end":{"line":126,"column":45}}},"fnMap":{"0":{"name":"(anonymous_0)","decl":{"start":{"line":80,"column":2},"end":{"line":80,"column":3}},"loc":{"start":{"line":80,"column":37},"end":{"line":83,"column":3}},"line":80},"1":{"name":"(anonymous_1)","decl":{"start":{"line":85,"column":2},"end":{"line":85,"column":3}},"loc":{"start":{"line":85,"column":10},"end":{"line":87,"column":3}},"line":85},"2":{"name":"(anonymous_2)","decl":{"start":{"line":89,"column":2},"end":{"line":89,"column":3}},"loc":{"start":{"line":89,"column":11},"end":{"line":92,"column":3}},"line":89},"3":{"name":"(anonymous_3)","decl":{"start":{"line":94,"column":2},"end":{"line":94,"column":3}},"loc":{"start":{"line":94,"column":9},"end":{"line":96,"column":3}},"line":94},"4":{"name":"(anonymous_4)","decl":{"start":{"line":101,"column":2},"end":{"line":101,"column":3}},"loc":{"start":{"line":101,"column":27},"end":{"line":103,"column":3}},"line":101},"5":{"name":"(anonymous_5)","decl":{"start":{"line":105,"column":2},"end":{"line":105,"column":3}},"loc":{"start":{"line":105,"column":24},"end":{"line":107,"column":3}},"line":105},"6":{"name":"(anonymous_6)","decl":{"start":{"line":109,"column":2},"end":{"line":109,"column":3}},"loc":{"start":{"line":109,"column":9},"end":{"line":111,"column":3}},"line":109},"7":{"name":"(anonymous_7)","decl":{"start":{"line":113,"column":2},"end":{"line":113,"column":3}},"loc":{"start":{"line":113,"column":12},"end":{"line":115,"column":3}},"line":113},"8":{"name":"(anonymous_8)","decl":{"start":{"line":117,"column":2},"end":{"line":117,"column":3}},"loc":{"start":{"line":117,"column":8},"end":{"line":117,"column":10}},"line":117},"9":{"name":"(anonymous_9)","decl":{"start":{"line":118,"column":2},"end":{"line":118,"column":3}},"loc":{"start":{"line":118,"column":8},"end":{"line":118,"column":10}},"line":118},"10":{"name":"(anonymous_10)","decl":{"start":{"line":119,"column":2},"end":{"line":119,"column":3}},"loc":{"start":{"line":119,"column":8},"end":{"line":119,"column":10}},"line":119},"11":{"name":"(anonymous_11)","decl":{"start":{"line":120,"column":2},"end":{"line":120,"column":3}},"loc":{"start":{"line":120,"column":7},"end":{"line":120,"column":9}},"line":120},"12":{"name":"(anonymous_12)","decl":{"start":{"line":121,"column":2},"end":{"line":121,"column":3}},"loc":{"start":{"line":121,"column":12},"end":{"line":121,"column":14}},"line":121}},"branchMap":{"0":{"loc":{"start":{"line":80,"column":21},"end":{"line":80,"column":35}},"type":"default-arg","locations":[{"start":{"line":80,"column":31},"end":{"line":80,"column":35}}],"line":80},"1":{"loc":{"start":{"line":90,"column":4},"end":{"line":90,"column":42}},"type":"if","locations":[{"start":{"line":90,"column":4},"end":{"line":90,"column":42}},{"start":{},"end":{}}],"line":90},"2":{"loc":{"start":{"line":101,"column":14},"end":{"line":101,"column":25}},"type":"default-arg","locations":[{"start":{"line":101,"column":21},"end":{"line":101,"column":25}}],"line":101},"3":{"loc":{"start":{"line":106,"column":4},"end":{"line":106,"column":24}},"type":"if","locations":[{"start":{"line":106,"column":4},"end":{"line":106,"column":24}},{"start":{},"end":{}}],"line":106},"4":{"loc":{"start":{"line":110,"column":4},"end":{"line":110,"column":36}},"type":"if","locations":[{"start":{"line":110,"column":4},"end":{"line":110,"column":36}},{"start":{},"end":{}}],"line":110},"5":{"loc":{"start":{"line":114,"column":4},"end":{"line":114,"column":39}},"type":"if","locations":[{"start":{"line":114,"column":4},"end":{"line":114,"column":39}},{"start":{},"end":{}}],"line":114}},"s":{"0":5,"1":5,"2":1,"3":1,"4":1,"5":0,"6":2,"7":2,"8":0,"9":0,"10":1,"11":1,"12":1,"13":1,"14":1},"f":{"0":5,"1":1,"2":1,"3":2,"4":2,"5":0,"6":1,"7":1,"8":0,"9":0,"10":0,"11":0,"12":0},"b":{"0":[4],"1":[1,0],"2":[2],"3":[0,0],"4":[1,0],"5":[1,0]},"_coverageSchema":"1a1c01bbd47fc00a2c39e90264f33305004495a9","hash":"9afcd4e3cd0e772f1d520dbc620acb299cc37743"}
}
