TN:
SF:simple-linked-list.js
FN:80,(anonymous_0)
FN:85,(anonymous_1)
FN:89,(anonymous_2)
FN:94,(anonymous_3)
FN:101,(anonymous_4)
FN:105,(anonymous_5)
FN:109,(anonymous_6)
FN:113,(anonymous_7)
FN:117,(anonymous_8)
FN:118,(anonymous_9)
FN:119,(anonymous_10)
FN:120,(anonymous_11)
FN:121,(anonymous_12)
FNF:13
FNH:7
FNDA:5,(anonymous_0)
FNDA:1,(anonymous_1)
FNDA:1,(anonymous_2)
FNDA:2,(anonymous_3)
FNDA:2,(anonymous_4)
FNDA:0,(anonymous_5)
FNDA:1,(anonymous_6)
FNDA:1,(anonymous_7)
FNDA:0,(anonymous_8)
FNDA:0,(anonymous_9)
FNDA:0,(anonymous_10)
FNDA:0,(anonymous_11)
FNDA:0,(anonymous_12)
DA:81,5
DA:82,5
DA:86,1
DA:90,1
DA:91,0
DA:95,2
DA:102,2
DA:106,0
DA:110,1
DA:114,1
DA:126,1
LF:11
LH:9
BRDA:80,0,0,4
BRDA:90,1,0,1
BRDA:90,1,1,0
BRDA:101,2,0,2
BRDA:106,3,0,0
BRDA:106,3,1,0
BRDA:110,4,0,1
BRDA:110,4,1,0
BRDA:114,5,0,1
BRDA:114,5,1,0
BRF:10
BRH:5
end_of_record
